running egg_info
creating ../build/MileshkinMaksim/MileshkinMaksim.egg-info
writing ../build/MileshkinMaksim/MileshkinMaksim.egg-info/PKG-INFO
writing dependency_links to ../build/MileshkinMaksim/MileshkinMaksim.egg-info/dependency_links.txt
writing entry points to ../build/MileshkinMaksim/MileshkinMaksim.egg-info/entry_points.txt
writing requirements to ../build/MileshkinMaksim/MileshkinMaksim.egg-info/requires.txt
writing top-level names to ../build/MileshkinMaksim/MileshkinMaksim.egg-info/top_level.txt
writing manifest file '../build/MileshkinMaksim/MileshkinMaksim.egg-info/SOURCES.txt'
reading manifest file '../build/MileshkinMaksim/MileshkinMaksim.egg-info/SOURCES.txt'
writing manifest file '../build/MileshkinMaksim/MileshkinMaksim.egg-info/SOURCES.txt'
running build
running build_py
creating /home/ubumax/ROS_Labs/Module2/ex03/build/MileshkinMaksim/build
creating /home/ubumax/ROS_Labs/Module2/ex03/build/MileshkinMaksim/build/lib
creating /home/ubumax/ROS_Labs/Module2/ex03/build/MileshkinMaksim/build/lib/MileshkinMaksim
copying MileshkinMaksim/__init__.py -> /home/ubumax/ROS_Labs/Module2/ex03/build/MileshkinMaksim/build/lib/MileshkinMaksim
running install
running install_lib
creating /home/ubumax/ROS_Labs/Module2/ex03/install/MileshkinMaksim/lib/python3.10/site-packages/MileshkinMaksim
copying /home/ubumax/ROS_Labs/Module2/ex03/build/MileshkinMaksim/build/lib/MileshkinMaksim/__init__.py -> /home/ubumax/ROS_Labs/Module2/ex03/install/MileshkinMaksim/lib/python3.10/site-packages/MileshkinMaksim
byte-compiling /home/ubumax/ROS_Labs/Module2/ex03/install/MileshkinMaksim/lib/python3.10/site-packages/MileshkinMaksim/__init__.py to __init__.cpython-310.pyc
running install_data
creating /home/ubumax/ROS_Labs/Module2/ex03/install/MileshkinMaksim/share/ament_index
creating /home/ubumax/ROS_Labs/Module2/ex03/install/MileshkinMaksim/share/ament_index/resource_index
creating /home/ubumax/ROS_Labs/Module2/ex03/install/MileshkinMaksim/share/ament_index/resource_index/packages
copying resource/MileshkinMaksim -> /home/ubumax/ROS_Labs/Module2/ex03/install/MileshkinMaksim/share/ament_index/resource_index/packages
copying package.xml -> /home/ubumax/ROS_Labs/Module2/ex03/install/MileshkinMaksim/share/MileshkinMaksim
running install_egg_info
Copying ../build/MileshkinMaksim/MileshkinMaksim.egg-info to /home/ubumax/ROS_Labs/Module2/ex03/install/MileshkinMaksim/lib/python3.10/site-packages/MileshkinMaksim-0.0.0-py3.10.egg-info
running install_scripts
writing list of installed files to '/home/ubumax/ROS_Labs/Module2/ex03/build/MileshkinMaksim/install.log'
